<?xml version="1.0" encoding="UTF-8"?>
<testng-results skipped="0" failed="0" ignored="0" total="1" passed="1">
  <reporter-output>
  </reporter-output>
  <suite name="Default suite" duration-ms="34035" started-at="2021-09-22T07:40:25 PDT" finished-at="2021-09-22T07:40:59 PDT">
    <groups>
      <group name="Regression">
        <method signature="TC_02_CreateOrganizationTest.createOrganizationTest()[pri:0, instance:com.crm.autodesk.OrganizationTest.TC_02_CreateOrganizationTest@68ceda24]" name="createOrganizationTest" class="com.crm.autodesk.OrganizationTest.TC_02_CreateOrganizationTest"/>
      </group> <!-- Regression -->
    </groups>
    <test name="Default test" duration-ms="34035" started-at="2021-09-22T07:40:25 PDT" finished-at="2021-09-22T07:40:59 PDT">
      <class name="com.crm.autodesk.OrganizationTest.TC_02_CreateOrganizationTest">
        <test-method status="PASS" signature="connectDB()[pri:0, instance:com.crm.autodesk.OrganizationTest.TC_02_CreateOrganizationTest@68ceda24]" name="connectDB" is-config="true" duration-ms="10" started-at="2021-09-22T07:40:25 PDT" finished-at="2021-09-22T07:40:25 PDT">
          <reporter-output>
          </reporter-output>
        </test-method> <!-- connectDB -->
        <test-method status="PASS" signature="launchBrowser()[pri:0, instance:com.crm.autodesk.OrganizationTest.TC_02_CreateOrganizationTest@68ceda24]" name="launchBrowser" is-config="true" duration-ms="6605" started-at="2021-09-22T07:40:25 PDT" finished-at="2021-09-22T07:40:31 PDT">
          <reporter-output>
          </reporter-output>
        </test-method> <!-- launchBrowser -->
        <test-method status="PASS" signature="loginToApp()[pri:0, instance:com.crm.autodesk.OrganizationTest.TC_02_CreateOrganizationTest@68ceda24]" name="loginToApp" is-config="true" duration-ms="4311" started-at="2021-09-22T07:40:31 PDT" finished-at="2021-09-22T07:40:36 PDT">
          <reporter-output>
          </reporter-output>
        </test-method> <!-- loginToApp -->
        <test-method status="PASS" signature="createOrganizationTest()[pri:0, instance:com.crm.autodesk.OrganizationTest.TC_02_CreateOrganizationTest@68ceda24]" name="createOrganizationTest" duration-ms="16087" started-at="2021-09-22T07:40:36 PDT" finished-at="2021-09-22T07:40:52 PDT">
          <reporter-output>
          </reporter-output>
        </test-method> <!-- createOrganizationTest -->
        <test-method status="PASS" signature="logoutofApp()[pri:0, instance:com.crm.autodesk.OrganizationTest.TC_02_CreateOrganizationTest@68ceda24]" name="logoutofApp" is-config="true" duration-ms="6830" started-at="2021-09-22T07:40:52 PDT" finished-at="2021-09-22T07:40:59 PDT">
          <reporter-output>
          </reporter-output>
        </test-method> <!-- logoutofApp -->
        <test-method status="PASS" signature="closeBrowser()[pri:0, instance:com.crm.autodesk.OrganizationTest.TC_02_CreateOrganizationTest@68ceda24]" name="closeBrowser" is-config="true" duration-ms="130" started-at="2021-09-22T07:40:59 PDT" finished-at="2021-09-22T07:40:59 PDT">
          <reporter-output>
          </reporter-output>
        </test-method> <!-- closeBrowser -->
        <test-method status="PASS" signature="closeDB()[pri:0, instance:com.crm.autodesk.OrganizationTest.TC_02_CreateOrganizationTest@68ceda24]" name="closeDB" is-config="true" duration-ms="1" started-at="2021-09-22T07:40:59 PDT" finished-at="2021-09-22T07:40:59 PDT">
          <reporter-output>
          </reporter-output>
        </test-method> <!-- closeDB -->
      </class> <!-- com.crm.autodesk.OrganizationTest.TC_02_CreateOrganizationTest -->
    </test> <!-- Default test -->
  </suite> <!-- Default suite -->
</testng-results>
