<?xml version="1.0" encoding="UTF-8"?>
<!-- Generated by org.testng.reporters.JUnitXMLReporter -->
<testsuite ignored="2" hostname="DESKTOP-23CJB2H" failures="1" tests="4" name="Test" time="84.259" errors="0" timestamp="2021-09-16T23:50:06 PDT">
  <testcase classname="com.crm.autodesk.OrganizationTest.CreateOrganizationWithIndustry" name="createOrganizationWithIndustry" time="8.961">
    <skipped/>
  </testcase> <!-- createOrganizationWithIndustry -->
  <testcase classname="com.crm.autodesk.OrganizationTest.CreateOrganizationWithIndustry" name="createOrganizationWithIndustry" time="7.797">
    <skipped/>
  </testcase> <!-- createOrganizationWithIndustry -->
  <testcase classname="com.crm.autodesk.OrganizationTest.CreateOrganizationWithIndustry" name="createOrganizationWithIndustry" time="7.785">
    <failure type="java.lang.AssertionError" message="expected [true] but found [false]">
      <![CDATA[java.lang.AssertionError: expected [true] but found [false]
at com.crm.autodesk.OrganizationTest.CreateOrganizationWithIndustry.createOrganizationWithIndustry(CreateOrganizationWithIndustry.java:63)
at java.base/java.util.ArrayList.forEach(ArrayList.java:1511)
... Removed 33 stack frames]]>
    </failure>
  </testcase> <!-- createOrganizationWithIndustry -->
  <testcase classname="com.crm.autodesk.OrganizationTest.TC_02_CreateOrganizationTest" name="createOrganizationTest" time="11.273"/>
  <testcase classname="com.crm.autodesk.genericLibraries.BaseClass" name="@BeforeSuite connectDB" time="0.0">
    <ignored/>
  </testcase> <!-- @BeforeSuite connectDB -->
  <testcase classname="com.crm.autodesk.genericLibraries.BaseClass" name="@AfterSuite closeDB" time="0.0">
    <ignored/>
  </testcase> <!-- @AfterSuite closeDB -->
</testsuite> <!-- Test -->
