<?xml version="1.0" encoding="UTF-8"?>
<!-- Generated by org.testng.reporters.JUnitXMLReporter -->
<testsuite ignored="0" hostname="DESKTOP-23CJB2H" failures="0" tests="1" name="TestRunner_chrome" time="22.826" errors="0" timestamp="2021-09-14T23:56:22 GMT-07:00">
  <testcase classname="com.crm.autodesk.genericLibraries.BaseClass" name="@BeforeClass launchBrowser" time="1.183">
    <failure type="java.lang.IllegalStateException" message="The path to the driver executable must be set by the webdriver.gecko.driver system property; for more information, see https://github.com/mozilla/geckodriver. The latest version can be downloaded from https://github.com/mozilla/geckodriver/releases">
      <![CDATA[java.lang.IllegalStateException: The path to the driver executable must be set by the webdriver.gecko.driver system property; for more information, see https://github.com/mozilla/geckodriver. The latest version can be downloaded from https://github.com/mozilla/geckodriver/releases
at com.google.common.base.Preconditions.checkState(Preconditions.java:847)
at org.openqa.selenium.remote.service.DriverService.findExecutable(DriverService.java:134)
at org.openqa.selenium.firefox.GeckoDriverService.access$100(GeckoDriverService.java:44)
at org.openqa.selenium.firefox.GeckoDriverService$Builder.findDefaultExecutable(GeckoDriverService.java:167)
at org.openqa.selenium.remote.service.DriverService$Builder.build(DriverService.java:355)
at org.openqa.selenium.firefox.FirefoxDriver.toExecutor(FirefoxDriver.java:190)
at org.openqa.selenium.firefox.FirefoxDriver.<init>(FirefoxDriver.java:147)
at org.openqa.selenium.firefox.FirefoxDriver.<init>(FirefoxDriver.java:125)
at com.crm.autodesk.genericLibraries.BaseClass.launchBrowser(BaseClass.java:46)
at java.base/java.util.ArrayList.forEach(ArrayList.java:1511)
at java.base/java.util.concurrent.FutureTask.run(FutureTask.java:264)
at java.base/java.util.concurrent.ThreadPoolExecutor.runWorker(ThreadPoolExecutor.java:1130)
at java.base/java.util.concurrent.ThreadPoolExecutor$Worker.run(ThreadPoolExecutor.java:630)
at java.base/java.lang.Thread.run(Thread.java:831)
... Removed 16 stack frames]]>
    </failure>
  </testcase> <!-- @BeforeClass launchBrowser -->
  <testcase classname="com.crm.autodesk.genericLibraries.BaseClass" name="@BeforeMethod loginToApp" time="-1.631688960968E9">
    <skipped/>
  </testcase> <!-- @BeforeMethod loginToApp -->
  <testcase classname="com.crm.autodesk.genericLibraries.BaseClass" name="@AfterMethod logoutofApp" time="-1.631688960991E9">
    <skipped/>
  </testcase> <!-- @AfterMethod logoutofApp -->
  <testcase classname="com.crm.autodesk.genericLibraries.BaseClass" name="@AfterClass closeBrowser" time="-1.631688961001E9">
    <skipped/>
  </testcase> <!-- @AfterClass closeBrowser -->
  <testcase classname="com.crm.autodesk.OrganizationTest.TC_02_CreateOrganizationTest" name="createOrganizationTest" time="12.645"/>
</testsuite> <!-- TestRunner_chrome -->
